{"/Users/7kill/PhpstormProjects/rollup-plugin-userscript-header/src/core/build-user-script-options.ts": {"path":"/Users/7kill/PhpstormProjects/rollup-plugin-userscript-header/src/core/build-user-script-options.ts","all":false,"statementMap":{"0":{"start":{"line":1,"column":0},"end":{"line":1,"column":76}},"1":{"start":{"line":2,"column":0},"end":{"line":2,"column":94}},"2":{"start":{"line":3,"column":0},"end":{"line":3,"column":0}},"3":{"start":{"line":4,"column":0},"end":{"line":4,"column":82}},"4":{"start":{"line":5,"column":0},"end":{"line":5,"column":30}},"5":{"start":{"line":6,"column":0},"end":{"line":6,"column":51}},"6":{"start":{"line":7,"column":0},"end":{"line":7,"column":35}},"7":{"start":{"line":8,"column":0},"end":{"line":8,"column":57}},"8":{"start":{"line":9,"column":0},"end":{"line":9,"column":19}},"9":{"start":{"line":10,"column":0},"end":{"line":10,"column":9}},"10":{"start":{"line":11,"column":0},"end":{"line":11,"column":40}},"11":{"start":{"line":12,"column":0},"end":{"line":12,"column":57}},"12":{"start":{"line":13,"column":0},"end":{"line":13,"column":19}},"13":{"start":{"line":14,"column":0},"end":{"line":14,"column":9}},"14":{"start":{"line":15,"column":0},"end":{"line":15,"column":48}},"15":{"start":{"line":16,"column":0},"end":{"line":16,"column":7}},"16":{"start":{"line":17,"column":0},"end":{"line":17,"column":26}},"17":{"start":{"line":18,"column":0},"end":{"line":18,"column":1}}},"s":{"0":1,"1":1,"2":1,"3":1,"4":13,"5":13,"6":49,"7":1,"8":1,"9":1,"10":49,"11":3,"12":3,"13":3,"14":45,"15":13,"16":13,"17":13},"branchMap":{"0":{"type":"branch","line":4,"loc":{"start":{"line":4,"column":7},"end":{"line":18,"column":1}},"locations":[{"start":{"line":4,"column":7},"end":{"line":18,"column":1}}]},"1":{"type":"branch","line":6,"loc":{"start":{"line":6,"column":32},"end":{"line":16,"column":5}},"locations":[{"start":{"line":6,"column":32},"end":{"line":16,"column":5}}]},"2":{"type":"branch","line":7,"loc":{"start":{"line":7,"column":34},"end":{"line":10,"column":9}},"locations":[{"start":{"line":7,"column":34},"end":{"line":10,"column":9}}]},"3":{"type":"branch","line":10,"loc":{"start":{"line":10,"column":8},"end":{"line":11,"column":39}},"locations":[{"start":{"line":10,"column":8},"end":{"line":11,"column":39}}]},"4":{"type":"branch","line":11,"loc":{"start":{"line":11,"column":39},"end":{"line":14,"column":9}},"locations":[{"start":{"line":11,"column":39},"end":{"line":14,"column":9}}]},"5":{"type":"branch","line":14,"loc":{"start":{"line":14,"column":8},"end":{"line":15,"column":48}},"locations":[{"start":{"line":14,"column":8},"end":{"line":15,"column":48}}]}},"b":{"0":[13],"1":[49],"2":[1],"3":[48],"4":[3],"5":[45]},"fnMap":{"0":{"name":"buildUserScriptOptions","decl":{"start":{"line":4,"column":7},"end":{"line":18,"column":1}},"loc":{"start":{"line":4,"column":7},"end":{"line":18,"column":1}},"line":4}},"f":{"0":13}}
,"/Users/7kill/PhpstormProjects/rollup-plugin-userscript-header/src/core/option-resolvers.ts": {"path":"/Users/7kill/PhpstormProjects/rollup-plugin-userscript-header/src/core/option-resolvers.ts","all":false,"statementMap":{"0":{"start":{"line":1,"column":0},"end":{"line":1,"column":77}},"1":{"start":{"line":2,"column":0},"end":{"line":2,"column":41}},"2":{"start":{"line":3,"column":0},"end":{"line":3,"column":18}},"3":{"start":{"line":4,"column":0},"end":{"line":4,"column":5}},"4":{"start":{"line":5,"column":0},"end":{"line":5,"column":4}},"5":{"start":{"line":6,"column":0},"end":{"line":6,"column":15}},"6":{"start":{"line":7,"column":0},"end":{"line":7,"column":65}},"7":{"start":{"line":8,"column":0},"end":{"line":8,"column":5}},"8":{"start":{"line":9,"column":0},"end":{"line":9,"column":4}},"9":{"start":{"line":10,"column":0},"end":{"line":10,"column":62}},"10":{"start":{"line":11,"column":0},"end":{"line":11,"column":1}},"11":{"start":{"line":12,"column":0},"end":{"line":12,"column":0}},"12":{"start":{"line":13,"column":0},"end":{"line":13,"column":91}},"13":{"start":{"line":14,"column":0},"end":{"line":14,"column":54}},"14":{"start":{"line":15,"column":0},"end":{"line":15,"column":18}},"15":{"start":{"line":16,"column":0},"end":{"line":16,"column":5}},"16":{"start":{"line":17,"column":0},"end":{"line":17,"column":4}},"17":{"start":{"line":18,"column":0},"end":{"line":18,"column":78}},"18":{"start":{"line":19,"column":0},"end":{"line":19,"column":18}},"19":{"start":{"line":20,"column":0},"end":{"line":20,"column":42}},"20":{"start":{"line":21,"column":0},"end":{"line":21,"column":34}},"21":{"start":{"line":22,"column":0},"end":{"line":22,"column":16}},"22":{"start":{"line":23,"column":0},"end":{"line":23,"column":57}},"23":{"start":{"line":24,"column":0},"end":{"line":24,"column":9}},"24":{"start":{"line":25,"column":0},"end":{"line":25,"column":53}},"25":{"start":{"line":26,"column":0},"end":{"line":26,"column":25}},"26":{"start":{"line":27,"column":0},"end":{"line":27,"column":19}},"27":{"start":{"line":28,"column":0},"end":{"line":28,"column":23}},"28":{"start":{"line":29,"column":0},"end":{"line":29,"column":4}},"29":{"start":{"line":30,"column":0},"end":{"line":30,"column":19}},"30":{"start":{"line":31,"column":0},"end":{"line":31,"column":1}},"31":{"start":{"line":32,"column":0},"end":{"line":32,"column":0}},"32":{"start":{"line":33,"column":0},"end":{"line":33,"column":90}},"33":{"start":{"line":34,"column":0},"end":{"line":34,"column":15}},"34":{"start":{"line":35,"column":0},"end":{"line":35,"column":76}},"35":{"start":{"line":36,"column":0},"end":{"line":36,"column":5}},"36":{"start":{"line":37,"column":0},"end":{"line":37,"column":48}},"37":{"start":{"line":38,"column":0},"end":{"line":38,"column":61}},"38":{"start":{"line":39,"column":0},"end":{"line":39,"column":5}},"39":{"start":{"line":40,"column":0},"end":{"line":40,"column":53}},"40":{"start":{"line":41,"column":0},"end":{"line":41,"column":86}},"41":{"start":{"line":42,"column":0},"end":{"line":42,"column":5}},"42":{"start":{"line":43,"column":0},"end":{"line":43,"column":37}},"43":{"start":{"line":44,"column":0},"end":{"line":44,"column":45}},"44":{"start":{"line":45,"column":0},"end":{"line":45,"column":5}},"45":{"start":{"line":46,"column":0},"end":{"line":46,"column":69}},"46":{"start":{"line":47,"column":0},"end":{"line":47,"column":1}}},"s":{"0":1,"1":7,"2":2,"3":2,"4":5,"5":7,"6":1,"7":1,"8":4,"9":4,"10":4,"11":1,"12":1,"13":10,"14":4,"15":4,"16":6,"17":6,"18":8,"19":8,"20":2,"21":8,"22":6,"23":6,"24":8,"25":8,"26":8,"27":6,"28":6,"29":6,"30":6,"31":1,"32":1,"33":69,"34":5,"35":5,"36":69,"37":1,"38":1,"39":69,"40":2,"41":2,"42":69,"43":4,"44":4,"45":57,"46":57},"branchMap":{"0":{"type":"branch","line":1,"loc":{"start":{"line":1,"column":7},"end":{"line":11,"column":1}},"locations":[{"start":{"line":1,"column":7},"end":{"line":11,"column":1}}]},"1":{"type":"branch","line":2,"loc":{"start":{"line":2,"column":9},"end":{"line":2,"column":40}},"locations":[{"start":{"line":2,"column":9},"end":{"line":2,"column":40}}]},"2":{"type":"branch","line":2,"loc":{"start":{"line":2,"column":40},"end":{"line":4,"column":5}},"locations":[{"start":{"line":2,"column":40},"end":{"line":4,"column":5}}]},"3":{"type":"branch","line":4,"loc":{"start":{"line":4,"column":4},"end":{"line":6,"column":14}},"locations":[{"start":{"line":4,"column":4},"end":{"line":6,"column":14}}]},"4":{"type":"branch","line":6,"loc":{"start":{"line":6,"column":14},"end":{"line":8,"column":5}},"locations":[{"start":{"line":6,"column":14},"end":{"line":8,"column":5}}]},"5":{"type":"branch","line":8,"loc":{"start":{"line":8,"column":4},"end":{"line":11,"column":1}},"locations":[{"start":{"line":8,"column":4},"end":{"line":11,"column":1}}]},"6":{"type":"branch","line":10,"loc":{"start":{"line":10,"column":22},"end":{"line":10,"column":60}},"locations":[{"start":{"line":10,"column":22},"end":{"line":10,"column":60}}]},"7":{"type":"branch","line":13,"loc":{"start":{"line":13,"column":7},"end":{"line":31,"column":1}},"locations":[{"start":{"line":13,"column":7},"end":{"line":31,"column":1}}]},"8":{"type":"branch","line":14,"loc":{"start":{"line":14,"column":9},"end":{"line":14,"column":53}},"locations":[{"start":{"line":14,"column":9},"end":{"line":14,"column":53}}]},"9":{"type":"branch","line":14,"loc":{"start":{"line":14,"column":53},"end":{"line":16,"column":5}},"locations":[{"start":{"line":14,"column":53},"end":{"line":16,"column":5}}]},"10":{"type":"branch","line":16,"loc":{"start":{"line":16,"column":4},"end":{"line":31,"column":1}},"locations":[{"start":{"line":16,"column":4},"end":{"line":31,"column":1}}]},"11":{"type":"branch","line":18,"loc":{"start":{"line":18,"column":50},"end":{"line":28,"column":7}},"locations":[{"start":{"line":18,"column":50},"end":{"line":28,"column":7}}]},"12":{"type":"branch","line":20,"loc":{"start":{"line":20,"column":41},"end":{"line":22,"column":15}},"locations":[{"start":{"line":20,"column":41},"end":{"line":22,"column":15}}]},"13":{"type":"branch","line":22,"loc":{"start":{"line":22,"column":8},"end":{"line":24,"column":9}},"locations":[{"start":{"line":22,"column":8},"end":{"line":24,"column":9}}]},"14":{"type":"branch","line":33,"loc":{"start":{"line":33,"column":7},"end":{"line":47,"column":1}},"locations":[{"start":{"line":33,"column":7},"end":{"line":47,"column":1}}]},"15":{"type":"branch","line":34,"loc":{"start":{"line":34,"column":14},"end":{"line":36,"column":5}},"locations":[{"start":{"line":34,"column":14},"end":{"line":36,"column":5}}]},"16":{"type":"branch","line":36,"loc":{"start":{"line":36,"column":4},"end":{"line":37,"column":47}},"locations":[{"start":{"line":36,"column":4},"end":{"line":37,"column":47}}]},"17":{"type":"branch","line":37,"loc":{"start":{"line":37,"column":47},"end":{"line":39,"column":5}},"locations":[{"start":{"line":37,"column":47},"end":{"line":39,"column":5}}]},"18":{"type":"branch","line":39,"loc":{"start":{"line":39,"column":4},"end":{"line":40,"column":52}},"locations":[{"start":{"line":39,"column":4},"end":{"line":40,"column":52}}]},"19":{"type":"branch","line":40,"loc":{"start":{"line":40,"column":52},"end":{"line":42,"column":5}},"locations":[{"start":{"line":40,"column":52},"end":{"line":42,"column":5}}]},"20":{"type":"branch","line":42,"loc":{"start":{"line":42,"column":4},"end":{"line":43,"column":36}},"locations":[{"start":{"line":42,"column":4},"end":{"line":43,"column":36}}]},"21":{"type":"branch","line":43,"loc":{"start":{"line":43,"column":36},"end":{"line":45,"column":5}},"locations":[{"start":{"line":43,"column":36},"end":{"line":45,"column":5}}]},"22":{"type":"branch","line":45,"loc":{"start":{"line":45,"column":4},"end":{"line":47,"column":1}},"locations":[{"start":{"line":45,"column":4},"end":{"line":47,"column":1}}]}},"b":{"0":[7],"1":[6],"2":[2],"3":[5],"4":[1],"5":[4],"6":[8],"7":[10],"8":[7],"9":[4],"10":[6],"11":[8],"12":[2],"13":[6],"14":[69],"15":[5],"16":[64],"17":[1],"18":[63],"19":[2],"20":[61],"21":[4],"22":[57]},"fnMap":{"0":{"name":"resolveArrayOption","decl":{"start":{"line":1,"column":7},"end":{"line":11,"column":1}},"loc":{"start":{"line":1,"column":7},"end":{"line":11,"column":1}},"line":1},"1":{"name":"resolveObjectOption","decl":{"start":{"line":13,"column":7},"end":{"line":31,"column":1}},"loc":{"start":{"line":13,"column":7},"end":{"line":31,"column":1}},"line":13},"2":{"name":"resolveBaseOption","decl":{"start":{"line":33,"column":7},"end":{"line":47,"column":1}},"loc":{"start":{"line":33,"column":7},"end":{"line":47,"column":1}},"line":33}},"f":{"0":7,"1":10,"2":69}}
,"/Users/7kill/PhpstormProjects/rollup-plugin-userscript-header/src/core/user-script-plugin.ts": {"path":"/Users/7kill/PhpstormProjects/rollup-plugin-userscript-header/src/core/user-script-plugin.ts","all":false,"statementMap":{"0":{"start":{"line":1,"column":0},"end":{"line":1,"column":28}},"1":{"start":{"line":2,"column":0},"end":{"line":2,"column":67}},"2":{"start":{"line":3,"column":0},"end":{"line":3,"column":65}},"3":{"start":{"line":4,"column":0},"end":{"line":4,"column":76}},"4":{"start":{"line":5,"column":0},"end":{"line":5,"column":0}},"5":{"start":{"line":6,"column":0},"end":{"line":6,"column":76}},"6":{"start":{"line":7,"column":0},"end":{"line":7,"column":76}},"7":{"start":{"line":8,"column":0},"end":{"line":8,"column":76}},"8":{"start":{"line":9,"column":0},"end":{"line":9,"column":12}},"9":{"start":{"line":10,"column":0},"end":{"line":10,"column":42}},"10":{"start":{"line":11,"column":0},"end":{"line":11,"column":42}},"11":{"start":{"line":12,"column":0},"end":{"line":12,"column":98}},"12":{"start":{"line":13,"column":0},"end":{"line":13,"column":45}},"13":{"start":{"line":14,"column":0},"end":{"line":14,"column":55}},"14":{"start":{"line":15,"column":0},"end":{"line":15,"column":13}},"15":{"start":{"line":16,"column":0},"end":{"line":16,"column":53}},"16":{"start":{"line":17,"column":0},"end":{"line":17,"column":9}},"17":{"start":{"line":18,"column":0},"end":{"line":18,"column":5}},"18":{"start":{"line":19,"column":0},"end":{"line":19,"column":1}}},"s":{"0":1,"1":1,"2":1,"3":1,"4":1,"5":1,"6":3,"7":3,"8":3,"9":3,"10":3,"11":2,"12":2,"13":1,"14":1,"15":1,"16":2,"17":3,"18":3},"branchMap":{"0":{"type":"branch","line":6,"loc":{"start":{"line":6,"column":7},"end":{"line":19,"column":1}},"locations":[{"start":{"line":6,"column":7},"end":{"line":19,"column":1}}]},"1":{"type":"branch","line":11,"loc":{"start":{"line":11,"column":8},"end":{"line":17,"column":9}},"locations":[{"start":{"line":11,"column":8},"end":{"line":17,"column":9}}]},"2":{"type":"branch","line":13,"loc":{"start":{"line":13,"column":17},"end":{"line":13,"column":44}},"locations":[{"start":{"line":13,"column":17},"end":{"line":13,"column":44}}]},"3":{"type":"branch","line":13,"loc":{"start":{"line":13,"column":44},"end":{"line":16,"column":53}},"locations":[{"start":{"line":13,"column":44},"end":{"line":16,"column":53}}]},"4":{"type":"branch","line":12,"loc":{"start":{"line":12,"column":52},"end":{"line":12,"column":96}},"locations":[{"start":{"line":12,"column":52},"end":{"line":12,"column":96}}]}},"b":{"0":[3],"1":[2],"2":[1],"3":[1],"4":[1]},"fnMap":{"0":{"name":"userScriptPlugin","decl":{"start":{"line":6,"column":7},"end":{"line":19,"column":1}},"loc":{"start":{"line":6,"column":7},"end":{"line":19,"column":1}},"line":6},"1":{"name":"generateBundle","decl":{"start":{"line":11,"column":8},"end":{"line":17,"column":9}},"loc":{"start":{"line":11,"column":8},"end":{"line":17,"column":9}},"line":11}},"f":{"0":3,"1":2}}
,"/Users/7kill/PhpstormProjects/rollup-plugin-userscript-header/src/core/wrap-with-userscript-tag.ts": {"path":"/Users/7kill/PhpstormProjects/rollup-plugin-userscript-header/src/core/wrap-with-userscript-tag.ts","all":false,"statementMap":{"0":{"start":{"line":1,"column":0},"end":{"line":1,"column":52}},"1":{"start":{"line":2,"column":0},"end":{"line":2,"column":60}},"2":{"start":{"line":3,"column":0},"end":{"line":3,"column":1}}},"s":{"0":1,"1":5,"2":5},"branchMap":{"0":{"type":"branch","line":1,"loc":{"start":{"line":1,"column":7},"end":{"line":3,"column":1}},"locations":[{"start":{"line":1,"column":7},"end":{"line":3,"column":1}}]}},"b":{"0":[5]},"fnMap":{"0":{"name":"wrapWithUserscriptTag","decl":{"start":{"line":1,"column":7},"end":{"line":3,"column":1}},"loc":{"start":{"line":1,"column":7},"end":{"line":3,"column":1}},"line":1}},"f":{"0":5}}
}
